<?xml version="1.0" encoding="UTF-8"?><testsuite name="nosetests" tests="48" errors="47" failures="0" skip="0"><testcase classname="test.test_message_converter.TestMessageConverter" name="test_dictionary_with_array" time="0.004"><error type="builtins.ImportError" message="cannot import name 'TestArray'&#10;-------------------- &gt;&gt; begin captured logging &lt;&lt; --------------------&#10;rospy.topics: INFO: topicmanager initialized&#10;--------------------- &gt;&gt; end captured logging &lt;&lt; ---------------------"><![CDATA[  File "/usr/lib/python3.6/unittest/case.py", line 59, in testPartExecutor
    yield
  File "/usr/lib/python3.6/unittest/case.py", line 605, in run
    testMethod()
  File "/home/hyeok/workspace/catkin_ws/src/rospy_message_converter/test/test_message_converter.py", line 236, in test_dictionary_with_array
    from rospy_message_converter.msg import TestArray
cannot import name 'TestArray'
-------------------- >> begin captured logging << --------------------
rospy.topics: INFO: topicmanager initialized
--------------------- >> end captured logging << ---------------------]]></error></testcase><testcase classname="test.test_message_converter.TestMessageConverter" name="test_dictionary_with_bool" time="0.002"><error type="builtins.ModuleNotFoundError" message="No module named 'StringIO'"><![CDATA[Traceback (most recent call last):
  File "/usr/lib/python3.6/unittest/case.py", line 59, in testPartExecutor
    yield
  File "/usr/lib/python3.6/unittest/case.py", line 605, in run
    testMethod()
  File "/home/hyeok/workspace/catkin_ws/src/rospy_message_converter/test/test_message_converter.py", line 248, in test_dictionary_with_bool
    expected_message = serialize_deserialize(expected_message)
  File "/home/hyeok/workspace/catkin_ws/src/rospy_message_converter/test/test_message_converter.py", line 533, in serialize_deserialize
    from StringIO import StringIO
ModuleNotFoundError: No module named 'StringIO'
]]></error></testcase><testcase classname="test.test_message_converter.TestMessageConverter" name="test_dictionary_with_byte" time="0.003"><error type="builtins.ModuleNotFoundError" message="No module named 'StringIO'"><![CDATA[Traceback (most recent call last):
  File "/usr/lib/python3.6/unittest/case.py", line 59, in testPartExecutor
    yield
  File "/usr/lib/python3.6/unittest/case.py", line 605, in run
    testMethod()
  File "/home/hyeok/workspace/catkin_ws/src/rospy_message_converter/test/test_message_converter.py", line 256, in test_dictionary_with_byte
    expected_message = serialize_deserialize(expected_message)
  File "/home/hyeok/workspace/catkin_ws/src/rospy_message_converter/test/test_message_converter.py", line 533, in serialize_deserialize
    from StringIO import StringIO
ModuleNotFoundError: No module named 'StringIO'
]]></error></testcase><testcase classname="test.test_message_converter.TestMessageConverter" name="test_dictionary_with_char" time="0.003"><error type="builtins.ModuleNotFoundError" message="No module named 'StringIO'"><![CDATA[Traceback (most recent call last):
  File "/usr/lib/python3.6/unittest/case.py", line 59, in testPartExecutor
    yield
  File "/usr/lib/python3.6/unittest/case.py", line 605, in run
    testMethod()
  File "/home/hyeok/workspace/catkin_ws/src/rospy_message_converter/test/test_message_converter.py", line 264, in test_dictionary_with_char
    expected_message = serialize_deserialize(expected_message)
  File "/home/hyeok/workspace/catkin_ws/src/rospy_message_converter/test/test_message_converter.py", line 533, in serialize_deserialize
    from StringIO import StringIO
ModuleNotFoundError: No module named 'StringIO'
]]></error></testcase><testcase classname="test.test_message_converter.TestMessageConverter" name="test_dictionary_with_child_message" time="0.004"><error type="builtins.ModuleNotFoundError" message="No module named 'StringIO'"><![CDATA[Traceback (most recent call last):
  File "/usr/lib/python3.6/unittest/case.py", line 59, in testPartExecutor
    yield
  File "/usr/lib/python3.6/unittest/case.py", line 605, in run
    testMethod()
  File "/home/hyeok/workspace/catkin_ws/src/rospy_message_converter/test/test_message_converter.py", line 468, in test_dictionary_with_child_message
    expected_message = serialize_deserialize(expected_message)
  File "/home/hyeok/workspace/catkin_ws/src/rospy_message_converter/test/test_message_converter.py", line 533, in serialize_deserialize
    from StringIO import StringIO
ModuleNotFoundError: No module named 'StringIO'
]]></error></testcase><testcase classname="test.test_message_converter.TestMessageConverter" name="test_dictionary_with_duration" time="0.004"><error type="builtins.ModuleNotFoundError" message="No module named 'StringIO'"><![CDATA[Traceback (most recent call last):
  File "/usr/lib/python3.6/unittest/case.py", line 59, in testPartExecutor
    yield
  File "/usr/lib/python3.6/unittest/case.py", line 605, in run
    testMethod()
  File "/home/hyeok/workspace/catkin_ws/src/rospy_message_converter/test/test_message_converter.py", line 278, in test_dictionary_with_duration
    expected_message = serialize_deserialize(expected_message)
  File "/home/hyeok/workspace/catkin_ws/src/rospy_message_converter/test/test_message_converter.py", line 533, in serialize_deserialize
    from StringIO import StringIO
ModuleNotFoundError: No module named 'StringIO'
]]></error></testcase><testcase classname="test.test_message_converter.TestMessageConverter" name="test_dictionary_with_empty" time="0.011"><error type="builtins.ModuleNotFoundError" message="No module named 'StringIO'"><![CDATA[Traceback (most recent call last):
  File "/usr/lib/python3.6/unittest/case.py", line 59, in testPartExecutor
    yield
  File "/usr/lib/python3.6/unittest/case.py", line 605, in run
    testMethod()
  File "/home/hyeok/workspace/catkin_ws/src/rospy_message_converter/test/test_message_converter.py", line 286, in test_dictionary_with_empty
    expected_message = serialize_deserialize(expected_message)
  File "/home/hyeok/workspace/catkin_ws/src/rospy_message_converter/test/test_message_converter.py", line 533, in serialize_deserialize
    from StringIO import StringIO
ModuleNotFoundError: No module named 'StringIO'
]]></error></testcase><testcase classname="test.test_message_converter.TestMessageConverter" name="test_dictionary_with_empty_service" time="0.017"><error type="builtins.ModuleNotFoundError" message="No module named 'StringIO'"><![CDATA[Traceback (most recent call last):
  File "/usr/lib/python3.6/unittest/case.py", line 59, in testPartExecutor
    yield
  File "/usr/lib/python3.6/unittest/case.py", line 605, in run
    testMethod()
  File "/home/hyeok/workspace/catkin_ws/src/rospy_message_converter/test/test_message_converter.py", line 485, in test_dictionary_with_empty_service
    expected_req = serialize_deserialize(expected_req)
  File "/home/hyeok/workspace/catkin_ws/src/rospy_message_converter/test/test_message_converter.py", line 533, in serialize_deserialize
    from StringIO import StringIO
ModuleNotFoundError: No module named 'StringIO'
]]></error></testcase><testcase classname="test.test_message_converter.TestMessageConverter" name="test_dictionary_with_float32" time="0.000"><error type="builtins.TypeError" message="a bytes-like object is required, not 'str'"><![CDATA[Traceback (most recent call last):
  File "/usr/lib/python3.6/unittest/case.py", line 59, in testPartExecutor
    yield
  File "/usr/lib/python3.6/unittest/case.py", line 605, in run
    testMethod()
  File "/home/hyeok/workspace/catkin_ws/src/rospy_message_converter/test/test_message_converter.py", line 291, in test_dictionary_with_float32
    expected_message = Float32(data = struct.unpack('<f', '\x7F\x7F\xFF\xFD')[0])
TypeError: a bytes-like object is required, not 'str'
]]></error></testcase><testcase classname="test.test_message_converter.TestMessageConverter" name="test_dictionary_with_float64" time="0.000"><error type="builtins.TypeError" message="a bytes-like object is required, not 'str'"><![CDATA[Traceback (most recent call last):
  File "/usr/lib/python3.6/unittest/case.py", line 59, in testPartExecutor
    yield
  File "/usr/lib/python3.6/unittest/case.py", line 605, in run
    testMethod()
  File "/home/hyeok/workspace/catkin_ws/src/rospy_message_converter/test/test_message_converter.py", line 299, in test_dictionary_with_float64
    expected_message = Float64(data = struct.unpack('<d', '\x7F\xEF\xFF\xFF\xFF\xFF\xFF\xFD')[0])
TypeError: a bytes-like object is required, not 'str'
]]></error></testcase><testcase classname="test.test_message_converter.TestMessageConverter" name="test_dictionary_with_header" time="0.003"><error type="builtins.ModuleNotFoundError" message="No module named 'StringIO'"><![CDATA[Traceback (most recent call last):
  File "/usr/lib/python3.6/unittest/case.py", line 59, in testPartExecutor
    yield
  File "/usr/lib/python3.6/unittest/case.py", line 605, in run
    testMethod()
  File "/home/hyeok/workspace/catkin_ws/src/rospy_message_converter/test/test_message_converter.py", line 320, in test_dictionary_with_header
    expected_message = serialize_deserialize(expected_message)
  File "/home/hyeok/workspace/catkin_ws/src/rospy_message_converter/test/test_message_converter.py", line 533, in serialize_deserialize
    from StringIO import StringIO
ModuleNotFoundError: No module named 'StringIO'
]]></error></testcase><testcase classname="test.test_message_converter.TestMessageConverter" name="test_dictionary_with_header_with_no_prefix" time="0.002"><error type="builtins.ModuleNotFoundError" message="No module named 'StringIO'"><![CDATA[Traceback (most recent call last):
  File "/usr/lib/python3.6/unittest/case.py", line 59, in testPartExecutor
    yield
  File "/usr/lib/python3.6/unittest/case.py", line 605, in run
    testMethod()
  File "/home/hyeok/workspace/catkin_ws/src/rospy_message_converter/test/test_message_converter.py", line 338, in test_dictionary_with_header_with_no_prefix
    expected_message = serialize_deserialize(expected_message)
  File "/home/hyeok/workspace/catkin_ws/src/rospy_message_converter/test/test_message_converter.py", line 533, in serialize_deserialize
    from StringIO import StringIO
ModuleNotFoundError: No module named 'StringIO'
]]></error></testcase><testcase classname="test.test_message_converter.TestMessageConverter" name="test_dictionary_with_int16" time="0.002"><error type="builtins.ModuleNotFoundError" message="No module named 'StringIO'"><![CDATA[Traceback (most recent call last):
  File "/usr/lib/python3.6/unittest/case.py", line 59, in testPartExecutor
    yield
  File "/usr/lib/python3.6/unittest/case.py", line 605, in run
    testMethod()
  File "/home/hyeok/workspace/catkin_ws/src/rospy_message_converter/test/test_message_converter.py", line 362, in test_dictionary_with_int16
    expected_message = serialize_deserialize(expected_message)
  File "/home/hyeok/workspace/catkin_ws/src/rospy_message_converter/test/test_message_converter.py", line 533, in serialize_deserialize
    from StringIO import StringIO
ModuleNotFoundError: No module named 'StringIO'
]]></error></testcase><testcase classname="test.test_message_converter.TestMessageConverter" name="test_dictionary_with_int32" time="0.003"><error type="builtins.ModuleNotFoundError" message="No module named 'StringIO'"><![CDATA[Traceback (most recent call last):
  File "/usr/lib/python3.6/unittest/case.py", line 59, in testPartExecutor
    yield
  File "/usr/lib/python3.6/unittest/case.py", line 605, in run
    testMethod()
  File "/home/hyeok/workspace/catkin_ws/src/rospy_message_converter/test/test_message_converter.py", line 378, in test_dictionary_with_int32
    expected_message = serialize_deserialize(expected_message)
  File "/home/hyeok/workspace/catkin_ws/src/rospy_message_converter/test/test_message_converter.py", line 533, in serialize_deserialize
    from StringIO import StringIO
ModuleNotFoundError: No module named 'StringIO'
]]></error></testcase><testcase classname="test.test_message_converter.TestMessageConverter" name="test_dictionary_with_int64" time="0.003"><error type="builtins.ModuleNotFoundError" message="No module named 'StringIO'"><![CDATA[Traceback (most recent call last):
  File "/usr/lib/python3.6/unittest/case.py", line 59, in testPartExecutor
    yield
  File "/usr/lib/python3.6/unittest/case.py", line 605, in run
    testMethod()
  File "/home/hyeok/workspace/catkin_ws/src/rospy_message_converter/test/test_message_converter.py", line 394, in test_dictionary_with_int64
    expected_message = serialize_deserialize(expected_message)
  File "/home/hyeok/workspace/catkin_ws/src/rospy_message_converter/test/test_message_converter.py", line 533, in serialize_deserialize
    from StringIO import StringIO
ModuleNotFoundError: No module named 'StringIO'
]]></error></testcase><testcase classname="test.test_message_converter.TestMessageConverter" name="test_dictionary_with_int8" time="0.003"><error type="builtins.ModuleNotFoundError" message="No module named 'StringIO'"><![CDATA[Traceback (most recent call last):
  File "/usr/lib/python3.6/unittest/case.py", line 59, in testPartExecutor
    yield
  File "/usr/lib/python3.6/unittest/case.py", line 605, in run
    testMethod()
  File "/home/hyeok/workspace/catkin_ws/src/rospy_message_converter/test/test_message_converter.py", line 346, in test_dictionary_with_int8
    expected_message = serialize_deserialize(expected_message)
  File "/home/hyeok/workspace/catkin_ws/src/rospy_message_converter/test/test_message_converter.py", line 533, in serialize_deserialize
    from StringIO import StringIO
ModuleNotFoundError: No module named 'StringIO'
]]></error></testcase><testcase classname="test.test_message_converter.TestMessageConverter" name="test_dictionary_with_invalid_message_fields" time="0.000"></testcase><testcase classname="test.test_message_converter.TestMessageConverter" name="test_dictionary_with_setbool_service" time="0.003"><error type="builtins.ModuleNotFoundError" message="No module named 'StringIO'"><![CDATA[Traceback (most recent call last):
  File "/usr/lib/python3.6/unittest/case.py", line 59, in testPartExecutor
    yield
  File "/usr/lib/python3.6/unittest/case.py", line 605, in run
    testMethod()
  File "/home/hyeok/workspace/catkin_ws/src/rospy_message_converter/test/test_message_converter.py", line 500, in test_dictionary_with_setbool_service
    expected_req = serialize_deserialize(expected_req)
  File "/home/hyeok/workspace/catkin_ws/src/rospy_message_converter/test/test_message_converter.py", line 533, in serialize_deserialize
    from StringIO import StringIO
ModuleNotFoundError: No module named 'StringIO'
]]></error></testcase><testcase classname="test.test_message_converter.TestMessageConverter" name="test_dictionary_with_string" time="0.003"><error type="builtins.ModuleNotFoundError" message="No module named 'StringIO'"><![CDATA[Traceback (most recent call last):
  File "/usr/lib/python3.6/unittest/case.py", line 59, in testPartExecutor
    yield
  File "/usr/lib/python3.6/unittest/case.py", line 605, in run
    testMethod()
  File "/home/hyeok/workspace/catkin_ws/src/rospy_message_converter/test/test_message_converter.py", line 410, in test_dictionary_with_string
    expected_message = serialize_deserialize(expected_message)
  File "/home/hyeok/workspace/catkin_ws/src/rospy_message_converter/test/test_message_converter.py", line 533, in serialize_deserialize
    from StringIO import StringIO
ModuleNotFoundError: No module named 'StringIO'
]]></error></testcase><testcase classname="test.test_message_converter.TestMessageConverter" name="test_dictionary_with_time" time="0.002"><error type="builtins.ModuleNotFoundError" message="No module named 'StringIO'"><![CDATA[Traceback (most recent call last):
  File "/usr/lib/python3.6/unittest/case.py", line 59, in testPartExecutor
    yield
  File "/usr/lib/python3.6/unittest/case.py", line 605, in run
    testMethod()
  File "/home/hyeok/workspace/catkin_ws/src/rospy_message_converter/test/test_message_converter.py", line 434, in test_dictionary_with_time
    expected_message = serialize_deserialize(expected_message)
  File "/home/hyeok/workspace/catkin_ws/src/rospy_message_converter/test/test_message_converter.py", line 533, in serialize_deserialize
    from StringIO import StringIO
ModuleNotFoundError: No module named 'StringIO'
]]></error></testcase><testcase classname="test.test_message_converter.TestMessageConverter" name="test_dictionary_with_trigger_service" time="0.004"><error type="builtins.ModuleNotFoundError" message="No module named 'StringIO'"><![CDATA[Traceback (most recent call last):
  File "/usr/lib/python3.6/unittest/case.py", line 59, in testPartExecutor
    yield
  File "/usr/lib/python3.6/unittest/case.py", line 605, in run
    testMethod()
  File "/home/hyeok/workspace/catkin_ws/src/rospy_message_converter/test/test_message_converter.py", line 515, in test_dictionary_with_trigger_service
    expected_req = serialize_deserialize(expected_req)
  File "/home/hyeok/workspace/catkin_ws/src/rospy_message_converter/test/test_message_converter.py", line 533, in serialize_deserialize
    from StringIO import StringIO
ModuleNotFoundError: No module named 'StringIO'
]]></error></testcase><testcase classname="test.test_message_converter.TestMessageConverter" name="test_dictionary_with_uint16" time="0.006"><error type="builtins.ModuleNotFoundError" message="No module named 'StringIO'"><![CDATA[Traceback (most recent call last):
  File "/usr/lib/python3.6/unittest/case.py", line 59, in testPartExecutor
    yield
  File "/usr/lib/python3.6/unittest/case.py", line 605, in run
    testMethod()
  File "/home/hyeok/workspace/catkin_ws/src/rospy_message_converter/test/test_message_converter.py", line 370, in test_dictionary_with_uint16
    expected_message = serialize_deserialize(expected_message)
  File "/home/hyeok/workspace/catkin_ws/src/rospy_message_converter/test/test_message_converter.py", line 533, in serialize_deserialize
    from StringIO import StringIO
ModuleNotFoundError: No module named 'StringIO'
]]></error></testcase><testcase classname="test.test_message_converter.TestMessageConverter" name="test_dictionary_with_uint32" time="0.003"><error type="builtins.ModuleNotFoundError" message="No module named 'StringIO'"><![CDATA[Traceback (most recent call last):
  File "/usr/lib/python3.6/unittest/case.py", line 59, in testPartExecutor
    yield
  File "/usr/lib/python3.6/unittest/case.py", line 605, in run
    testMethod()
  File "/home/hyeok/workspace/catkin_ws/src/rospy_message_converter/test/test_message_converter.py", line 386, in test_dictionary_with_uint32
    expected_message = serialize_deserialize(expected_message)
  File "/home/hyeok/workspace/catkin_ws/src/rospy_message_converter/test/test_message_converter.py", line 533, in serialize_deserialize
    from StringIO import StringIO
ModuleNotFoundError: No module named 'StringIO'
]]></error></testcase><testcase classname="test.test_message_converter.TestMessageConverter" name="test_dictionary_with_uint64" time="0.003"><error type="builtins.ModuleNotFoundError" message="No module named 'StringIO'"><![CDATA[Traceback (most recent call last):
  File "/usr/lib/python3.6/unittest/case.py", line 59, in testPartExecutor
    yield
  File "/usr/lib/python3.6/unittest/case.py", line 605, in run
    testMethod()
  File "/home/hyeok/workspace/catkin_ws/src/rospy_message_converter/test/test_message_converter.py", line 402, in test_dictionary_with_uint64
    expected_message = serialize_deserialize(expected_message)
  File "/home/hyeok/workspace/catkin_ws/src/rospy_message_converter/test/test_message_converter.py", line 533, in serialize_deserialize
    from StringIO import StringIO
ModuleNotFoundError: No module named 'StringIO'
]]></error></testcase><testcase classname="test.test_message_converter.TestMessageConverter" name="test_dictionary_with_uint8" time="0.013"><error type="builtins.ModuleNotFoundError" message="No module named 'StringIO'"><![CDATA[Traceback (most recent call last):
  File "/usr/lib/python3.6/unittest/case.py", line 59, in testPartExecutor
    yield
  File "/usr/lib/python3.6/unittest/case.py", line 605, in run
    testMethod()
  File "/home/hyeok/workspace/catkin_ws/src/rospy_message_converter/test/test_message_converter.py", line 354, in test_dictionary_with_uint8
    expected_message = serialize_deserialize(expected_message)
  File "/home/hyeok/workspace/catkin_ws/src/rospy_message_converter/test/test_message_converter.py", line 533, in serialize_deserialize
    from StringIO import StringIO
ModuleNotFoundError: No module named 'StringIO'
]]></error></testcase><testcase classname="test.test_message_converter.TestMessageConverter" name="test_dictionary_with_unicode" time="0.000"><error type="builtins.NameError" message="name 'unicode' is not defined"><![CDATA[Traceback (most recent call last):
  File "/usr/lib/python3.6/unittest/case.py", line 59, in testPartExecutor
    yield
  File "/usr/lib/python3.6/unittest/case.py", line 605, in run
    testMethod()
  File "/home/hyeok/workspace/catkin_ws/src/rospy_message_converter/test/test_message_converter.py", line 416, in test_dictionary_with_unicode
    dictionary = { 'data': unicode(expected_message.data) }
NameError: name 'unicode' is not defined
]]></error></testcase><testcase classname="test.test_message_converter.TestMessageConverter" name="test_ros_message_with_3uint8_array" time="0.001"><error type="builtins.ImportError" message="cannot import name 'Uint8Array3TestMessage'"><![CDATA[Traceback (most recent call last):
  File "/usr/lib/python3.6/unittest/case.py", line 59, in testPartExecutor
    yield
  File "/usr/lib/python3.6/unittest/case.py", line 605, in run
    testMethod()
  File "/home/hyeok/workspace/catkin_ws/src/rospy_message_converter/test/test_message_converter.py", line 125, in test_ros_message_with_3uint8_array
    from rospy_message_converter.msg import Uint8Array3TestMessage
ImportError: cannot import name 'Uint8Array3TestMessage'
]]></error></testcase><testcase classname="test.test_message_converter.TestMessageConverter" name="test_ros_message_with_array" time="0.001"><error type="builtins.ImportError" message="cannot import name 'TestArray'"><![CDATA[Traceback (most recent call last):
  File "/usr/lib/python3.6/unittest/case.py", line 59, in testPartExecutor
    yield
  File "/usr/lib/python3.6/unittest/case.py", line 605, in run
    testMethod()
  File "/home/hyeok/workspace/catkin_ws/src/rospy_message_converter/test/test_message_converter.py", line 10, in test_ros_message_with_array
    from rospy_message_converter.msg import TestArray
ImportError: cannot import name 'TestArray'
]]></error></testcase><testcase classname="test.test_message_converter.TestMessageConverter" name="test_ros_message_with_bool" time="0.002"><error type="builtins.ModuleNotFoundError" message="No module named 'StringIO'"><![CDATA[Traceback (most recent call last):
  File "/usr/lib/python3.6/unittest/case.py", line 59, in testPartExecutor
    yield
  File "/usr/lib/python3.6/unittest/case.py", line 605, in run
    testMethod()
  File "/home/hyeok/workspace/catkin_ws/src/rospy_message_converter/test/test_message_converter.py", line 23, in test_ros_message_with_bool
    message = serialize_deserialize(message)
  File "/home/hyeok/workspace/catkin_ws/src/rospy_message_converter/test/test_message_converter.py", line 533, in serialize_deserialize
    from StringIO import StringIO
ModuleNotFoundError: No module named 'StringIO'
]]></error></testcase><testcase classname="test.test_message_converter.TestMessageConverter" name="test_ros_message_with_byte" time="0.002"><error type="builtins.ModuleNotFoundError" message="No module named 'StringIO'"><![CDATA[Traceback (most recent call last):
  File "/usr/lib/python3.6/unittest/case.py", line 59, in testPartExecutor
    yield
  File "/usr/lib/python3.6/unittest/case.py", line 605, in run
    testMethod()
  File "/home/hyeok/workspace/catkin_ws/src/rospy_message_converter/test/test_message_converter.py", line 31, in test_ros_message_with_byte
    message = serialize_deserialize(message)
  File "/home/hyeok/workspace/catkin_ws/src/rospy_message_converter/test/test_message_converter.py", line 533, in serialize_deserialize
    from StringIO import StringIO
ModuleNotFoundError: No module named 'StringIO'
]]></error></testcase><testcase classname="test.test_message_converter.TestMessageConverter" name="test_ros_message_with_char" time="0.003"><error type="builtins.ModuleNotFoundError" message="No module named 'StringIO'"><![CDATA[Traceback (most recent call last):
  File "/usr/lib/python3.6/unittest/case.py", line 59, in testPartExecutor
    yield
  File "/usr/lib/python3.6/unittest/case.py", line 605, in run
    testMethod()
  File "/home/hyeok/workspace/catkin_ws/src/rospy_message_converter/test/test_message_converter.py", line 39, in test_ros_message_with_char
    message = serialize_deserialize(message)
  File "/home/hyeok/workspace/catkin_ws/src/rospy_message_converter/test/test_message_converter.py", line 533, in serialize_deserialize
    from StringIO import StringIO
ModuleNotFoundError: No module named 'StringIO'
]]></error></testcase><testcase classname="test.test_message_converter.TestMessageConverter" name="test_ros_message_with_child_message" time="0.003"><error type="builtins.ModuleNotFoundError" message="No module named 'StringIO'"><![CDATA[Traceback (most recent call last):
  File "/usr/lib/python3.6/unittest/case.py", line 59, in testPartExecutor
    yield
  File "/usr/lib/python3.6/unittest/case.py", line 605, in run
    testMethod()
  File "/home/hyeok/workspace/catkin_ws/src/rospy_message_converter/test/test_message_converter.py", line 231, in test_ros_message_with_child_message
    message = serialize_deserialize(message)
  File "/home/hyeok/workspace/catkin_ws/src/rospy_message_converter/test/test_message_converter.py", line 533, in serialize_deserialize
    from StringIO import StringIO
ModuleNotFoundError: No module named 'StringIO'
]]></error></testcase><testcase classname="test.test_message_converter.TestMessageConverter" name="test_ros_message_with_duration" time="0.010"><error type="builtins.ModuleNotFoundError" message="No module named 'StringIO'"><![CDATA[Traceback (most recent call last):
  File "/usr/lib/python3.6/unittest/case.py", line 59, in testPartExecutor
    yield
  File "/usr/lib/python3.6/unittest/case.py", line 605, in run
    testMethod()
  File "/home/hyeok/workspace/catkin_ws/src/rospy_message_converter/test/test_message_converter.py", line 53, in test_ros_message_with_duration
    message = serialize_deserialize(message)
  File "/home/hyeok/workspace/catkin_ws/src/rospy_message_converter/test/test_message_converter.py", line 533, in serialize_deserialize
    from StringIO import StringIO
ModuleNotFoundError: No module named 'StringIO'
]]></error></testcase><testcase classname="test.test_message_converter.TestMessageConverter" name="test_ros_message_with_empty" time="0.002"><error type="builtins.ModuleNotFoundError" message="No module named 'StringIO'"><![CDATA[Traceback (most recent call last):
  File "/usr/lib/python3.6/unittest/case.py", line 59, in testPartExecutor
    yield
  File "/usr/lib/python3.6/unittest/case.py", line 605, in run
    testMethod()
  File "/home/hyeok/workspace/catkin_ws/src/rospy_message_converter/test/test_message_converter.py", line 61, in test_ros_message_with_empty
    message = serialize_deserialize(message)
  File "/home/hyeok/workspace/catkin_ws/src/rospy_message_converter/test/test_message_converter.py", line 533, in serialize_deserialize
    from StringIO import StringIO
ModuleNotFoundError: No module named 'StringIO'
]]></error></testcase><testcase classname="test.test_message_converter.TestMessageConverter" name="test_ros_message_with_float32" time="0.000"><error type="builtins.TypeError" message="a bytes-like object is required, not 'str'"><![CDATA[Traceback (most recent call last):
  File "/usr/lib/python3.6/unittest/case.py", line 59, in testPartExecutor
    yield
  File "/usr/lib/python3.6/unittest/case.py", line 605, in run
    testMethod()
  File "/home/hyeok/workspace/catkin_ws/src/rospy_message_converter/test/test_message_converter.py", line 67, in test_ros_message_with_float32
    expected_dictionary = { 'data': struct.unpack('<f', '\x7F\x7F\xFF\xFD')[0] }
TypeError: a bytes-like object is required, not 'str'
]]></error></testcase><testcase classname="test.test_message_converter.TestMessageConverter" name="test_ros_message_with_float64" time="0.000"><error type="builtins.TypeError" message="a bytes-like object is required, not 'str'"><![CDATA[Traceback (most recent call last):
  File "/usr/lib/python3.6/unittest/case.py", line 59, in testPartExecutor
    yield
  File "/usr/lib/python3.6/unittest/case.py", line 605, in run
    testMethod()
  File "/home/hyeok/workspace/catkin_ws/src/rospy_message_converter/test/test_message_converter.py", line 75, in test_ros_message_with_float64
    expected_dictionary = { 'data': struct.unpack('<d', '\x7F\xEF\xFF\xFF\xFF\xFF\xFF\xFD')[0] }
TypeError: a bytes-like object is required, not 'str'
]]></error></testcase><testcase classname="test.test_message_converter.TestMessageConverter" name="test_ros_message_with_header" time="0.002"><error type="builtins.ModuleNotFoundError" message="No module named 'StringIO'"><![CDATA[Traceback (most recent call last):
  File "/usr/lib/python3.6/unittest/case.py", line 59, in testPartExecutor
    yield
  File "/usr/lib/python3.6/unittest/case.py", line 605, in run
    testMethod()
  File "/home/hyeok/workspace/catkin_ws/src/rospy_message_converter/test/test_message_converter.py", line 95, in test_ros_message_with_header
    message = serialize_deserialize(message)
  File "/home/hyeok/workspace/catkin_ws/src/rospy_message_converter/test/test_message_converter.py", line 533, in serialize_deserialize
    from StringIO import StringIO
ModuleNotFoundError: No module named 'StringIO'
]]></error></testcase><testcase classname="test.test_message_converter.TestMessageConverter" name="test_ros_message_with_int16" time="0.003"><error type="builtins.ModuleNotFoundError" message="No module named 'StringIO'"><![CDATA[Traceback (most recent call last):
  File "/usr/lib/python3.6/unittest/case.py", line 59, in testPartExecutor
    yield
  File "/usr/lib/python3.6/unittest/case.py", line 605, in run
    testMethod()
  File "/home/hyeok/workspace/catkin_ws/src/rospy_message_converter/test/test_message_converter.py", line 137, in test_ros_message_with_int16
    message = serialize_deserialize(message)
  File "/home/hyeok/workspace/catkin_ws/src/rospy_message_converter/test/test_message_converter.py", line 533, in serialize_deserialize
    from StringIO import StringIO
ModuleNotFoundError: No module named 'StringIO'
]]></error></testcase><testcase classname="test.test_message_converter.TestMessageConverter" name="test_ros_message_with_int32" time="0.002"><error type="builtins.ModuleNotFoundError" message="No module named 'StringIO'"><![CDATA[Traceback (most recent call last):
  File "/usr/lib/python3.6/unittest/case.py", line 59, in testPartExecutor
    yield
  File "/usr/lib/python3.6/unittest/case.py", line 605, in run
    testMethod()
  File "/home/hyeok/workspace/catkin_ws/src/rospy_message_converter/test/test_message_converter.py", line 153, in test_ros_message_with_int32
    message = serialize_deserialize(message)
  File "/home/hyeok/workspace/catkin_ws/src/rospy_message_converter/test/test_message_converter.py", line 533, in serialize_deserialize
    from StringIO import StringIO
ModuleNotFoundError: No module named 'StringIO'
]]></error></testcase><testcase classname="test.test_message_converter.TestMessageConverter" name="test_ros_message_with_int64" time="0.004"><error type="builtins.ModuleNotFoundError" message="No module named 'StringIO'"><![CDATA[Traceback (most recent call last):
  File "/usr/lib/python3.6/unittest/case.py", line 59, in testPartExecutor
    yield
  File "/usr/lib/python3.6/unittest/case.py", line 605, in run
    testMethod()
  File "/home/hyeok/workspace/catkin_ws/src/rospy_message_converter/test/test_message_converter.py", line 169, in test_ros_message_with_int64
    message = serialize_deserialize(message)
  File "/home/hyeok/workspace/catkin_ws/src/rospy_message_converter/test/test_message_converter.py", line 533, in serialize_deserialize
    from StringIO import StringIO
ModuleNotFoundError: No module named 'StringIO'
]]></error></testcase><testcase classname="test.test_message_converter.TestMessageConverter" name="test_ros_message_with_int8" time="0.003"><error type="builtins.ModuleNotFoundError" message="No module named 'StringIO'"><![CDATA[Traceback (most recent call last):
  File "/usr/lib/python3.6/unittest/case.py", line 59, in testPartExecutor
    yield
  File "/usr/lib/python3.6/unittest/case.py", line 605, in run
    testMethod()
  File "/home/hyeok/workspace/catkin_ws/src/rospy_message_converter/test/test_message_converter.py", line 103, in test_ros_message_with_int8
    message = serialize_deserialize(message)
  File "/home/hyeok/workspace/catkin_ws/src/rospy_message_converter/test/test_message_converter.py", line 533, in serialize_deserialize
    from StringIO import StringIO
ModuleNotFoundError: No module named 'StringIO'
]]></error></testcase><testcase classname="test.test_message_converter.TestMessageConverter" name="test_ros_message_with_string" time="0.005"><error type="builtins.ModuleNotFoundError" message="No module named 'StringIO'"><![CDATA[Traceback (most recent call last):
  File "/usr/lib/python3.6/unittest/case.py", line 59, in testPartExecutor
    yield
  File "/usr/lib/python3.6/unittest/case.py", line 605, in run
    testMethod()
  File "/home/hyeok/workspace/catkin_ws/src/rospy_message_converter/test/test_message_converter.py", line 185, in test_ros_message_with_string
    message = serialize_deserialize(message)
  File "/home/hyeok/workspace/catkin_ws/src/rospy_message_converter/test/test_message_converter.py", line 533, in serialize_deserialize
    from StringIO import StringIO
ModuleNotFoundError: No module named 'StringIO'
]]></error></testcase><testcase classname="test.test_message_converter.TestMessageConverter" name="test_ros_message_with_time" time="0.002"><error type="builtins.ModuleNotFoundError" message="No module named 'StringIO'"><![CDATA[Traceback (most recent call last):
  File "/usr/lib/python3.6/unittest/case.py", line 59, in testPartExecutor
    yield
  File "/usr/lib/python3.6/unittest/case.py", line 605, in run
    testMethod()
  File "/home/hyeok/workspace/catkin_ws/src/rospy_message_converter/test/test_message_converter.py", line 197, in test_ros_message_with_time
    message = serialize_deserialize(message)
  File "/home/hyeok/workspace/catkin_ws/src/rospy_message_converter/test/test_message_converter.py", line 533, in serialize_deserialize
    from StringIO import StringIO
ModuleNotFoundError: No module named 'StringIO'
]]></error></testcase><testcase classname="test.test_message_converter.TestMessageConverter" name="test_ros_message_with_uint16" time="0.003"><error type="builtins.ModuleNotFoundError" message="No module named 'StringIO'"><![CDATA[Traceback (most recent call last):
  File "/usr/lib/python3.6/unittest/case.py", line 59, in testPartExecutor
    yield
  File "/usr/lib/python3.6/unittest/case.py", line 605, in run
    testMethod()
  File "/home/hyeok/workspace/catkin_ws/src/rospy_message_converter/test/test_message_converter.py", line 145, in test_ros_message_with_uint16
    message = serialize_deserialize(message)
  File "/home/hyeok/workspace/catkin_ws/src/rospy_message_converter/test/test_message_converter.py", line 533, in serialize_deserialize
    from StringIO import StringIO
ModuleNotFoundError: No module named 'StringIO'
]]></error></testcase><testcase classname="test.test_message_converter.TestMessageConverter" name="test_ros_message_with_uint32" time="0.002"><error type="builtins.ModuleNotFoundError" message="No module named 'StringIO'"><![CDATA[Traceback (most recent call last):
  File "/usr/lib/python3.6/unittest/case.py", line 59, in testPartExecutor
    yield
  File "/usr/lib/python3.6/unittest/case.py", line 605, in run
    testMethod()
  File "/home/hyeok/workspace/catkin_ws/src/rospy_message_converter/test/test_message_converter.py", line 161, in test_ros_message_with_uint32
    message = serialize_deserialize(message)
  File "/home/hyeok/workspace/catkin_ws/src/rospy_message_converter/test/test_message_converter.py", line 533, in serialize_deserialize
    from StringIO import StringIO
ModuleNotFoundError: No module named 'StringIO'
]]></error></testcase><testcase classname="test.test_message_converter.TestMessageConverter" name="test_ros_message_with_uint64" time="0.011"><error type="builtins.ModuleNotFoundError" message="No module named 'StringIO'"><![CDATA[Traceback (most recent call last):
  File "/usr/lib/python3.6/unittest/case.py", line 59, in testPartExecutor
    yield
  File "/usr/lib/python3.6/unittest/case.py", line 605, in run
    testMethod()
  File "/home/hyeok/workspace/catkin_ws/src/rospy_message_converter/test/test_message_converter.py", line 177, in test_ros_message_with_uint64
    message = serialize_deserialize(message)
  File "/home/hyeok/workspace/catkin_ws/src/rospy_message_converter/test/test_message_converter.py", line 533, in serialize_deserialize
    from StringIO import StringIO
ModuleNotFoundError: No module named 'StringIO'
]]></error></testcase><testcase classname="test.test_message_converter.TestMessageConverter" name="test_ros_message_with_uint8" time="0.002"><error type="builtins.ModuleNotFoundError" message="No module named 'StringIO'"><![CDATA[Traceback (most recent call last):
  File "/usr/lib/python3.6/unittest/case.py", line 59, in testPartExecutor
    yield
  File "/usr/lib/python3.6/unittest/case.py", line 605, in run
    testMethod()
  File "/home/hyeok/workspace/catkin_ws/src/rospy_message_converter/test/test_message_converter.py", line 111, in test_ros_message_with_uint8
    message = serialize_deserialize(message)
  File "/home/hyeok/workspace/catkin_ws/src/rospy_message_converter/test/test_message_converter.py", line 533, in serialize_deserialize
    from StringIO import StringIO
ModuleNotFoundError: No module named 'StringIO'
]]></error></testcase><testcase classname="test.test_message_converter.TestMessageConverter" name="test_ros_message_with_uint8_array" time="0.001"><error type="builtins.ImportError" message="cannot import name 'Uint8ArrayTestMessage'"><![CDATA[Traceback (most recent call last):
  File "/usr/lib/python3.6/unittest/case.py", line 59, in testPartExecutor
    yield
  File "/usr/lib/python3.6/unittest/case.py", line 605, in run
    testMethod()
  File "/home/hyeok/workspace/catkin_ws/src/rospy_message_converter/test/test_message_converter.py", line 116, in test_ros_message_with_uint8_array
    from rospy_message_converter.msg import Uint8ArrayTestMessage
ImportError: cannot import name 'Uint8ArrayTestMessage'
]]></error></testcase></testsuite>